<?xml version="1.0" encoding="UTF-8"?>
<!-- Generated by org.testng.reporters.JUnitReportReporter -->
<testsuite hostname="IN-2DPN2J3" failures="0" tests="1" name="jenk_maven.jenk.AppTest" time="25.701" errors="0" timestamp="2023-10-18T11:38:24 IST" skipped="0">
  <testcase classname="jenk_maven.jenk.AppTest" name="Testgoogle" time="25.701"/>
</testsuite> <!-- jenk_maven.jenk.AppTest -->
