<?xml version="1.0" encoding="UTF-8"?>
<!-- Generated by org.testng.reporters.JUnitReportReporter -->
<testsuite hostname="IN-2DPN2J3" failures="0" tests="1" name="jenk_maven.jenk.openBrowser" time="20.296" errors="0" timestamp="20 Oct 2023 07:41:19 GMT" skipped="0">
  <testcase classname="jenk_maven.jenk.openBrowser" name="Testgoogle" time="20.296"/>
</testsuite> <!-- jenk_maven.jenk.openBrowser -->
